LS0tLS1CRUdJTiBPUEVOU1NIIFBSSVZBVEUgS0VZLS0tLS0KYjNCbGJuTnphQzFyWlhrdGRqRUFB
QUFBQkc1dmJtVUFBQUFFYm05dVpRQUFBQUFBQUFBQkFBQUJsd0FBQUFkemMyZ3RjbgpOaEFBQUFB
d0VBQVFBQUFZRUFuNnkva0pzS3hQSDhSelp5Wlg3aHJzQmlPNzRaellPQWxIakZpc3ZUYmgvZCto
V1FXNzhsCjkxU09Qa1M3RWFNQ0FuWE5ycFd6Zk9WTUYzUzJsZlJWTTJrRkNxMHRyWEVtbTRiWG1T
Nk5rL3VzUitWcGNsM2lIaDZnN0gKanNEQ3pKVGJHM1JSSHZMaGtCL0ZPQ1plaURPRUVEbWFiNmxu
WWg5c2NJNmRJcGU0RXBFeW9nR1QwQ1FqNFJKT0t0cDUxdQpQejhRTkVINFVMMFdCdHNEOGtUWUZS
TnltMVRkelpEdGgzbllEUmlUWU1USXZocWduQzRQbUJ6cmJNdlNZQ2tmOWVheHFvCkpVczc5Qzhl
eXc1cStCRDdPRmhwWUJIMGN5akxlZjBORmFTRmZQd3VIeWhWZ0kvaHRkYjN1dTM1ajZySm1sMCtm
KzF0ZmMKRkxnUFBicXgwb0JqS0ovbzhYbU1sSWtTd1kwTWZINHpib0xaVmN3RTJIVC9pek91L3pL
eHVMSWtvZmpzMzBFQU9va1dtVwpZSDQxbjVEbWh6blNOaUR6QmNLbVdFQndLSkxRRW5ibGNhbmtp
aCtTaWJqY0xzN1NFWG1idE5IbndyWVplT0x2NjdmWVR4CllXN2ExT0tOVmZmZzRtM2Z1d3JpaHg4
VVhMT1RrdE5TaDArOFJtODFBQUFGa01Zb1hFN0dLRnhPQUFBQUIzTnphQzF5YzIKRUFBQUdCQUor
c3Y1Q2JDc1R4L0VjMmNtVis0YTdBWWp1K0djMkRnSlI0eFlyTDAyNGYzZm9Wa0Z1L0pmZFVqajVF
dXhHagpBZ0oxemE2VnMzemxUQmQwdHBYMFZUTnBCUXF0TGExeEpwdUcxNWt1alpQN3JFZmxhWEpk
NGg0ZW9PeDQ3QXdzeVUyeHQwClVSN3k0WkFmeFRnbVhvZ3poQkE1bW0rcFoySWZiSENPblNLWHVC
S1JNcUlCazlBa0krRVNUaXJhZWRiajgvRURSQitGQzkKRmdiYkEvSkUyQlVUY3B0VTNjMlE3WWQ1
MkEwWWsyREV5TDRhb0p3dUQ1Z2M2MnpMMG1BcEgvWG1zYXFDVkxPL1F2SHNzTwphdmdRK3poWWFX
QVI5SE1veTNuOURSV2toWHo4TGg4b1ZZQ1A0YlhXOTdydCtZK3F5WnBkUG4vdGJYM0JTNER6MjZz
ZEtBCll5aWY2UEY1akpTSkVzR05ESHgrTTI2QzJWWE1CTmgwLzRzenJ2OHlzYml5SktINDdOOUJB
RHFKRnBsbUIrTlorUTVvYzUKMGpZZzh3WENwbGhBY0NpUzBCSjI1WEdwNUlvZmtvbTQzQzdPMGhG
NW03VFI1OEsyR1hqaTcrdTMyRThXRnUydFRpalZYMwo0T0p0MzdzSzRvY2ZGRnl6azVMVFVvZFB2
RVp2TlFBQUFBTUJBQUVBQUFHQUFZS2FRSTFlMXQ4Q1hQcTVycFpsSHdoOXhWCnFMd1poV29udUQ3
c2RLWlhab0J6ZFFxV0FrNy9Kbm5WVFJhaDRmRDVQbFVVWGtMOXNML2JBaVpwMEJlSjRyMHpQYnhK
SUIKNUtNQldLeGY0QldYY0Y5TjZ5d256bjRlcW9NNFJFM2d6TnNsN3hiTTFYbWN2YklIMVRFK1Jj
MXVSeDZWQWRCTE5rWWY5NQo5L3VmQjQ5Q1ZJQkJwc3g0dEdacEZvUldJUDlWN1hmSThLZ0srbWQ0
UE1iK3hSR04zdXVHTzBsMVJNRXRCeHNuOVlMQ2hLCjk3Lzd1STVzOTZvcVd5ODYrdmd0NitFKytu
NlRiNDhURzA0NzdITnVvT3F4V1hsQWJDRENmQ2RUaWpJOUZrOGx4TkxvdFQKdy9RdHZEb20zdmxQ
NmQ3eVRLblFmeldSaDdKUHB4ZFZvU3JLSDNBeWdnZkdTNGNENXhQRUd4Y3AwN3hvWm15WTJaSTdL
OQpzRFdGWHdnbFU0dHFRR1RHdFNCT0ZxS3k0eURNcDRXVUMwZmtYU1haUEhvcmRDOVdXVXI0dFdi
ZEFXOUhtMmZodzVNY3lGCmRVQnBVbjFGemlFd2lVNWlKNHU0SW9LMnA4OHVUdWdzb3R4dEJGZTBt
aXRnWFpzZXN2WFE4czF1QVVrL2lZNnIvUEFBQUEKd0E0Y0p6Q3lwQUJSdm5aeHRSVC83NCtXMklq
ckh5N1phcnBUeGpYOGpzSUtSZFQyWlpNUWRZem5KVkdsVmZQMzFEL0ZFZQpibEJOVWlQb29vZ0sy
U3dWRzQxd3J5cHYvTEdiY3p0aXJJK3JjdFZKUHhab1hTTFFDdEwra1RXTkRvbjg1VU9UVTg2ZWxs
CnE1T2ZJcG1wRWVnbFdWTkp4OEgyVVVtejRYSjh4ZVY4UENUajJQQ1o4OEpaOElic01UaytuSHoy
YWRjcTZkRHdyRmlPT0kKUlM4NythRHdBZUhoZHp1ZjJvTGIvem9HRFlIM2pUSU5wMTJBbU1ReTRF
OEpjRGRBQUFBTUVBeW91MlhzaTJvNm91dlBXNgpxNkR6ajlsUEFBQXZHcW9BNTNQOS9ZYldualRB
aEY1WGwwbG9zUGlOejhVaWNQaTE1bWZ6YWFtaThCeFB4Tk10ODVNWmlmCnBldExXNlZ4ZXZHVUgy
bU1xc0FTdkt3UGdyZVIwSW9hY0Z6RCtBQXF4YlUwZVY5ckcvNDl5T1NTOFhFekdIMm9DRTZoYm8K
c1VwVFdqZlY4dzBzOFQ2Y2p3NC8yZkN3THR3YlZqU1FpT2RCVkg2d2JtNlJXVkRlTGxxSlBFZHhJ
dnpBV3g5UVhpU1RWVwpEZmNpRG1zM1NGbTlqeUpqUFF5ajFacFZMTUVTN1RBQUFBd1FESjBKeU1J
Z0JOOWhwem1pVTg1L2pPejlpejUvdjlHc1cvCk9XN3lTakRWNDJ4U1p5bTBVcEdHNFBBc0NqK0Fw
YzRRQjg2MkFWb0dEZnVpMzZ5M0NqRHgzdVNyVnI3eGNXd3hWQ0RsUXMKOEs2RDJ2dlgwVGhpZXFK
MThHSE1OeGVEZEZ5aTk2dk1ZdWlEaEljcUhGelEraGYvQ25ydlk0UEpLckIwaVpkQkVwdTZuVQpi
K0V4UytXVEZkeEpQaG16UGZRdmxjWUVZM21uVElJZFE2NjBpTUM0a0xiU0xyN1RQMjNiSDVkb1JI
QU15eU9KWHN4R0c5CnB4TXBlNy9MV045TmNBQUFBVlptRnlZV1JoZQotLS0tLUVORCBPUEVOU1NI
IFBSSVZBVEUgS0VZLS0tLS0K
